{"numTotalTestSuites":4,"numPassedTestSuites":1,"numFailedTestSuites":3,"numPendingTestSuites":0,"numTotalTests":3,"numPassedTests":1,"numFailedTests":1,"numPendingTests":1,"numTodoTests":0,"snapshot":{"added":0,"failure":false,"filesAdded":0,"filesRemoved":0,"filesRemovedList":[],"filesUnmatched":0,"filesUpdated":0,"matched":0,"total":0,"unchecked":0,"uncheckedKeysByFile":[],"unmatched":0,"updated":0,"didUpdate":false},"startTime":1771317594123,"success":false,"testResults":[{"assertionResults":[{"ancestorTitles":["Template Upload Logic (Unit)","mirrorCategoryHierarchy"],"fullName":"Template Upload Logic (Unit) mirrorCategoryHierarchy should mirror a simple category hierarchy","status":"skipped","title":"should mirror a simple category hierarchy","failureMessages":[],"meta":{}},{"ancestorTitles":["Template Upload Logic (Unit)","uploadTemplate with Auto-Create"],"fullName":"Template Upload Logic (Unit) uploadTemplate with Auto-Create should call createForm with correct params","status":"passed","title":"should call createForm with correct params","duration":4.758099999999956,"failureMessages":[],"meta":{}},{"ancestorTitles":["Template Upload Logic (Unit)","uploadTemplate with Auto-Create"],"fullName":"Template Upload Logic (Unit) uploadTemplate with Auto-Create should handle name conflicts","status":"failed","title":"should handle name conflicts","duration":5.743999999999971,"failureMessages":["AssertionError: expected 'Conflict' to be 'Conflict (Auto)' // Object.is equality\n    at F:/Development/ledgercraft-studio/electron/tests/template_upload.test.ts:170:35\n    at file:///F:/Development/ledgercraft-studio/node_modules/@vitest/runner/dist/index.js:145:11\n    at file:///F:/Development/ledgercraft-studio/node_modules/@vitest/runner/dist/index.js:915:26\n    at file:///F:/Development/ledgercraft-studio/node_modules/@vitest/runner/dist/index.js:1243:20\n    at new Promise (<anonymous>)\n    at runWithTimeout (file:///F:/Development/ledgercraft-studio/node_modules/@vitest/runner/dist/index.js:1209:10)\n    at file:///F:/Development/ledgercraft-studio/node_modules/@vitest/runner/dist/index.js:1653:37\n    at Traces.$ (file:///F:/Development/ledgercraft-studio/node_modules/vitest/dist/chunks/traces.CCmnQaNT.js:142:27)\n    at trace (file:///F:/Development/ledgercraft-studio/node_modules/vitest/dist/chunks/test.B8ej_ZHS.js:239:21)\n    at runTest (file:///F:/Development/ledgercraft-studio/node_modules/@vitest/runner/dist/index.js:1653:12)"],"meta":{}}],"startTime":1771317594523,"endTime":1771317594533.744,"status":"failed","message":"","name":"F:/Development/ledgercraft-studio/electron/tests/template_upload.test.ts"}]}